<?xml version="1.0" encoding="UTF-8"?>
<testsuite name="com.harann.lost.springboot.web.domain.posts.PostsRepositoryTest" tests="1" skipped="0" failures="0" errors="0" timestamp="2021-10-05T16:51:59" hostname="LAPTOP-MLIHDENU" time="0.597">
  <properties/>
  <testcase name="게시글저장_불러오기" classname="com.harann.lost.springboot.web.domain.posts.PostsRepositoryTest" time="0.597"/>
  <system-out><![CDATA[01:51:49.924 [Test worker] DEBUG org.springframework.test.context.junit4.SpringJUnit4ClassRunner - SpringJUnit4ClassRunner constructor called with [class com.harann.lost.springboot.web.domain.posts.PostsRepositoryTest]
01:51:49.939 [Test worker] DEBUG org.springframework.test.context.BootstrapUtils - Instantiating CacheAwareContextLoaderDelegate from class [org.springframework.test.context.cache.DefaultCacheAwareContextLoaderDelegate]
01:51:49.950 [Test worker] DEBUG org.springframework.test.context.BootstrapUtils - Instantiating BootstrapContext using constructor [public org.springframework.test.context.support.DefaultBootstrapContext(java.lang.Class,org.springframework.test.context.CacheAwareContextLoaderDelegate)]
01:51:49.977 [Test worker] DEBUG org.springframework.test.context.BootstrapUtils - Instantiating TestContextBootstrapper for test class [com.harann.lost.springboot.web.domain.posts.PostsRepositoryTest] from class [org.springframework.boot.test.context.SpringBootTestContextBootstrapper]
01:51:49.999 [Test worker] INFO org.springframework.boot.test.context.SpringBootTestContextBootstrapper - Neither @ContextConfiguration nor @ContextHierarchy found for test class [com.harann.lost.springboot.web.domain.posts.PostsRepositoryTest], using SpringBootContextLoader
01:51:50.006 [Test worker] DEBUG org.springframework.test.context.support.AbstractContextLoader - Did not detect default resource location for test class [com.harann.lost.springboot.web.domain.posts.PostsRepositoryTest]: class path resource [com/harann/lost/springboot/web/domain/posts/PostsRepositoryTest-context.xml] does not exist
01:51:50.008 [Test worker] DEBUG org.springframework.test.context.support.AbstractContextLoader - Did not detect default resource location for test class [com.harann.lost.springboot.web.domain.posts.PostsRepositoryTest]: class path resource [com/harann/lost/springboot/web/domain/posts/PostsRepositoryTestContext.groovy] does not exist
01:51:50.008 [Test worker] INFO org.springframework.test.context.support.AbstractContextLoader - Could not detect default resource locations for test class [com.harann.lost.springboot.web.domain.posts.PostsRepositoryTest]: no resource found for suffixes {-context.xml, Context.groovy}.
01:51:50.010 [Test worker] INFO org.springframework.test.context.support.AnnotationConfigContextLoaderUtils - Could not detect default configuration classes for test class [com.harann.lost.springboot.web.domain.posts.PostsRepositoryTest]: PostsRepositoryTest does not declare any static, non-private, non-final, nested classes annotated with @Configuration.
01:51:50.085 [Test worker] DEBUG org.springframework.test.context.support.ActiveProfilesUtils - Could not find an 'annotation declaring class' for annotation type [org.springframework.test.context.ActiveProfiles] and class [com.harann.lost.springboot.web.domain.posts.PostsRepositoryTest]
01:51:50.232 [Test worker] DEBUG org.springframework.context.annotation.ClassPathScanningCandidateComponentProvider - Identified candidate component class: file [C:\Users\soo81\IdeaProjects\harann-springboot2-webservice\build\classes\java\main\com\harann\lost\springboot\Application.class]
01:51:50.233 [Test worker] INFO org.springframework.boot.test.context.SpringBootTestContextBootstrapper - Found @SpringBootConfiguration com.harann.lost.springboot.Application for test class com.harann.lost.springboot.web.domain.posts.PostsRepositoryTest
01:51:50.385 [Test worker] DEBUG org.springframework.boot.test.context.SpringBootTestContextBootstrapper - @TestExecutionListeners is not present for class [com.harann.lost.springboot.web.domain.posts.PostsRepositoryTest]: using defaults.
01:51:50.390 [Test worker] INFO org.springframework.boot.test.context.SpringBootTestContextBootstrapper - Loaded default TestExecutionListener class names from location [META-INF/spring.factories]: [org.springframework.boot.test.autoconfigure.restdocs.RestDocsTestExecutionListener, org.springframework.boot.test.autoconfigure.web.client.MockRestServiceServerResetTestExecutionListener, org.springframework.boot.test.autoconfigure.web.servlet.MockMvcPrintOnlyOnFailureTestExecutionListener, org.springframework.boot.test.autoconfigure.web.servlet.WebDriverTestExecutionListener, org.springframework.boot.test.mock.mockito.MockitoTestExecutionListener, org.springframework.boot.test.mock.mockito.ResetMocksTestExecutionListener, org.springframework.test.context.web.ServletTestExecutionListener, org.springframework.test.context.support.DirtiesContextBeforeModesTestExecutionListener, org.springframework.test.context.support.DependencyInjectionTestExecutionListener, org.springframework.test.context.support.DirtiesContextTestExecutionListener, org.springframework.test.context.transaction.TransactionalTestExecutionListener, org.springframework.test.context.jdbc.SqlScriptsTestExecutionListener]
01:51:50.416 [Test worker] INFO org.springframework.boot.test.context.SpringBootTestContextBootstrapper - Using TestExecutionListeners: [org.springframework.test.context.web.ServletTestExecutionListener@6c7bab46, org.springframework.test.context.support.DirtiesContextBeforeModesTestExecutionListener@253582b, org.springframework.boot.test.mock.mockito.MockitoTestExecutionListener@19ccebfb, org.springframework.boot.test.autoconfigure.SpringBootDependencyInjectionTestExecutionListener@2f5e5277, org.springframework.test.context.support.DirtiesContextTestExecutionListener@1eceed41, org.springframework.test.context.transaction.TransactionalTestExecutionListener@6c46cb3, org.springframework.test.context.jdbc.SqlScriptsTestExecutionListener@7829cca3, org.springframework.boot.test.autoconfigure.restdocs.RestDocsTestExecutionListener@2539e43b, org.springframework.boot.test.autoconfigure.web.client.MockRestServiceServerResetTestExecutionListener@4c74b138, org.springframework.boot.test.autoconfigure.web.servlet.MockMvcPrintOnlyOnFailureTestExecutionListener@69f0edf1, org.springframework.boot.test.autoconfigure.web.servlet.WebDriverTestExecutionListener@5f8a78b8, org.springframework.boot.test.mock.mockito.ResetMocksTestExecutionListener@35f8574e]
01:51:50.426 [Test worker] DEBUG org.springframework.test.annotation.ProfileValueUtils - Retrieved @ProfileValueSourceConfiguration [null] for test class [com.harann.lost.springboot.web.domain.posts.PostsRepositoryTest]
01:51:50.427 [Test worker] DEBUG org.springframework.test.annotation.ProfileValueUtils - Retrieved ProfileValueSource type [class org.springframework.test.annotation.SystemProfileValueSource] for class [com.harann.lost.springboot.web.domain.posts.PostsRepositoryTest]
01:51:50.431 [Test worker] DEBUG org.springframework.test.annotation.ProfileValueUtils - Retrieved @ProfileValueSourceConfiguration [null] for test class [com.harann.lost.springboot.web.domain.posts.PostsRepositoryTest]
01:51:50.431 [Test worker] DEBUG org.springframework.test.annotation.ProfileValueUtils - Retrieved ProfileValueSource type [class org.springframework.test.annotation.SystemProfileValueSource] for class [com.harann.lost.springboot.web.domain.posts.PostsRepositoryTest]
01:51:50.432 [Test worker] DEBUG org.springframework.test.annotation.ProfileValueUtils - Retrieved @ProfileValueSourceConfiguration [null] for test class [com.harann.lost.springboot.web.domain.posts.PostsRepositoryTest]
01:51:50.432 [Test worker] DEBUG org.springframework.test.annotation.ProfileValueUtils - Retrieved ProfileValueSource type [class org.springframework.test.annotation.SystemProfileValueSource] for class [com.harann.lost.springboot.web.domain.posts.PostsRepositoryTest]
01:51:50.440 [Test worker] DEBUG org.springframework.test.context.support.AbstractDirtiesContextTestExecutionListener - Before test class: context [DefaultTestContext@9ae0886 testClass = PostsRepositoryTest, testInstance = [null], testMethod = [null], testException = [null], mergedContextConfiguration = [WebMergedContextConfiguration@63c27ad7 testClass = PostsRepositoryTest, locations = '{}', classes = '{class com.harann.lost.springboot.Application}', contextInitializerClasses = '[]', activeProfiles = '{}', propertySourceLocations = '{}', propertySourceProperties = '{org.springframework.boot.test.context.SpringBootTestContextBootstrapper=true}', contextCustomizers = set[org.springframework.boot.test.autoconfigure.properties.PropertyMappingContextCustomizer@0, org.springframework.boot.test.autoconfigure.web.servlet.WebDriverContextCustomizerFactory$Customizer@78e05178, org.springframework.boot.test.context.filter.ExcludeFilterContextCustomizer@315af0bf, org.springframework.boot.test.json.DuplicateJsonObjectContextCustomizerFactory$DuplicateJsonObjectContextCustomizer@9d6a592, org.springframework.boot.test.mock.mockito.MockitoContextCustomizer@0, org.springframework.boot.test.web.client.TestRestTemplateContextCustomizer@76ba52a7], resourceBasePath = 'src/main/webapp', contextLoader = 'org.springframework.boot.test.context.SpringBootContextLoader', parent = [null]], attributes = map['org.springframework.test.context.web.ServletTestExecutionListener.activateListener' -> true]], class annotated with @DirtiesContext [false] with mode [null].
01:51:50.441 [Test worker] DEBUG org.springframework.test.annotation.ProfileValueUtils - Retrieved @ProfileValueSourceConfiguration [null] for test class [com.harann.lost.springboot.web.domain.posts.PostsRepositoryTest]
01:51:50.442 [Test worker] DEBUG org.springframework.test.annotation.ProfileValueUtils - Retrieved ProfileValueSource type [class org.springframework.test.annotation.SystemProfileValueSource] for class [com.harann.lost.springboot.web.domain.posts.PostsRepositoryTest]
01:51:50.480 [Test worker] DEBUG org.springframework.test.context.support.TestPropertySourceUtils - Adding inlined properties to environment: {spring.jmx.enabled=false, org.springframework.boot.test.context.SpringBootTestContextBootstrapper=true, server.port=-1}

  .   ____          _            __ _ _
 /\\ / ___'_ __ _ _(_)_ __  __ _ \ \ \ \
( ( )\___ | '_ | '_| | '_ \/ _` | \ \ \ \
 \\/  ___)| |_)| | | | | || (_| |  ) ) ) )
  '  |____| .__|_| |_|_| |_\__, | / / / /
 =========|_|==============|___/=/_/_/_/
 :: Spring Boot ::        (v2.1.7.RELEASE)

2021-10-06 01:51:50.934  INFO 4004 --- [    Test worker] c.h.l.s.w.d.posts.PostsRepositoryTest    : Starting PostsRepositoryTest on LAPTOP-MLIHDENU with PID 4004 (started by soo81 in C:\Users\soo81\IdeaProjects\harann-springboot2-webservice)
2021-10-06 01:51:50.939  INFO 4004 --- [    Test worker] c.h.l.s.w.d.posts.PostsRepositoryTest    : No active profile set, falling back to default profiles: default
2021-10-06 01:51:52.228  INFO 4004 --- [    Test worker] .s.d.r.c.RepositoryConfigurationDelegate : Bootstrapping Spring Data repositories in DEFAULT mode.
2021-10-06 01:51:52.360  INFO 4004 --- [    Test worker] .s.d.r.c.RepositoryConfigurationDelegate : Finished Spring Data repository scanning in 110ms. Found 1 repository interfaces.
2021-10-06 01:51:53.151  INFO 4004 --- [    Test worker] trationDelegate$BeanPostProcessorChecker : Bean 'org.springframework.transaction.annotation.ProxyTransactionManagementConfiguration' of type [org.springframework.transaction.annotation.ProxyTransactionManagementConfiguration$$EnhancerBySpringCGLIB$$96fee242] is not eligible for getting processed by all BeanPostProcessors (for example: not eligible for auto-proxying)
2021-10-06 01:51:53.581  INFO 4004 --- [    Test worker] com.zaxxer.hikari.HikariDataSource       : HikariPool-1 - Starting...
2021-10-06 01:51:53.903  INFO 4004 --- [    Test worker] com.zaxxer.hikari.HikariDataSource       : HikariPool-1 - Start completed.
2021-10-06 01:51:54.105  INFO 4004 --- [    Test worker] o.hibernate.jpa.internal.util.LogHelper  : HHH000204: Processing PersistenceUnitInfo [
	name: default
	...]
2021-10-06 01:51:54.260  INFO 4004 --- [    Test worker] org.hibernate.Version                    : HHH000412: Hibernate Core {5.3.10.Final}
2021-10-06 01:51:54.262  INFO 4004 --- [    Test worker] org.hibernate.cfg.Environment            : HHH000206: hibernate.properties not found
2021-10-06 01:51:54.627  INFO 4004 --- [    Test worker] o.hibernate.annotations.common.Version   : HCANN000001: Hibernate Commons Annotations {5.0.4.Final}
2021-10-06 01:51:55.046  INFO 4004 --- [    Test worker] org.hibernate.dialect.Dialect            : HHH000400: Using dialect: org.hibernate.dialect.MySQL5InnoDBDialect
Hibernate: drop table if exists posts
Hibernate: create table posts (id bigint not null auto_increment, author varchar(255), content TEXT not null, title varchar(500) not null, primary key (id)) engine=InnoDB
2021-10-06 01:51:56.163  INFO 4004 --- [    Test worker] o.h.t.schema.internal.SchemaCreatorImpl  : HHH000476: Executing import script 'org.hibernate.tool.schema.internal.exec.ScriptSourceInputNonExistentImpl@9948891'
2021-10-06 01:51:56.166  INFO 4004 --- [    Test worker] j.LocalContainerEntityManagerFactoryBean : Initialized JPA EntityManagerFactory for persistence unit 'default'
2021-10-06 01:51:57.996  INFO 4004 --- [    Test worker] o.s.s.concurrent.ThreadPoolTaskExecutor  : Initializing ExecutorService 'applicationTaskExecutor'
2021-10-06 01:51:58.119  WARN 4004 --- [    Test worker] aWebConfiguration$JpaWebMvcConfiguration : spring.jpa.open-in-view is enabled by default. Therefore, database queries may be performed during view rendering. Explicitly configure spring.jpa.open-in-view to disable this warning
2021-10-06 01:51:58.955  INFO 4004 --- [    Test worker] c.h.l.s.w.d.posts.PostsRepositoryTest    : Started PostsRepositoryTest in 8.461 seconds (JVM running for 10.48)
Hibernate: insert into posts (author, content, title) values (?, ?, ?)
2021-10-06 01:51:59.304  INFO 4004 --- [    Test worker] o.h.h.i.QueryTranslatorFactoryInitiator  : HHH000397: Using ASTQueryTranslatorFactory
Hibernate: select posts0_.id as id1_0_, posts0_.author as author2_0_, posts0_.content as content3_0_, posts0_.title as title4_0_ from posts posts0_
Hibernate: select posts0_.id as id1_0_, posts0_.author as author2_0_, posts0_.content as content3_0_, posts0_.title as title4_0_ from posts posts0_
Hibernate: delete from posts where id=?
]]></system-out>
  <system-err><![CDATA[]]></system-err>
</testsuite>
